<?xml version="1.0" encoding="UTF-8"?>
<testng-results skipped="0" failed="0" total="2" passed="2">
  <reporter-output>
  </reporter-output>
  <suite name="Default suite" duration-ms="15305" started-at="2019-08-03T09:15:33Z" finished-at="2019-08-03T09:15:48Z">
    <groups>
    </groups>
    <test name="Default test" duration-ms="15305" started-at="2019-08-03T09:15:33Z" finished-at="2019-08-03T09:15:48Z">
      <class name="test.ExtentReportWithTestNG">
        <test-method status="PASS" signature="setUp()[pri:0, instance:test.ExtentReportWithTestNG@523884b2]" name="setUp" is-config="true" duration-ms="136" started-at="2019-08-03T14:45:33Z" finished-at="2019-08-03T14:45:33Z">
          <reporter-output>
          </reporter-output>
        </test-method> <!-- setUp -->
        <test-method status="PASS" signature="launchBrowser()[pri:0, instance:test.ExtentReportWithTestNG@523884b2]" name="launchBrowser" is-config="true" duration-ms="4199" started-at="2019-08-03T14:45:33Z" finished-at="2019-08-03T14:45:37Z">
          <reporter-output>
          </reporter-output>
        </test-method> <!-- launchBrowser -->
        <test-method status="PASS" signature="test1()[pri:0, instance:test.ExtentReportWithTestNG@523884b2]" name="test1" duration-ms="6044" started-at="2019-08-03T14:45:37Z" finished-at="2019-08-03T14:45:43Z">
          <reporter-output>
          </reporter-output>
        </test-method> <!-- test1 -->
        <test-method status="PASS" signature="test2()[pri:0, instance:test.ExtentReportWithTestNG@523884b2]" name="test2" duration-ms="4360" started-at="2019-08-03T14:45:43Z" finished-at="2019-08-03T14:45:48Z">
          <reporter-output>
          </reporter-output>
        </test-method> <!-- test2 -->
        <test-method status="PASS" signature="close()[pri:0, instance:test.ExtentReportWithTestNG@523884b2]" name="close" is-config="true" duration-ms="691" started-at="2019-08-03T14:45:48Z" finished-at="2019-08-03T14:45:48Z">
          <reporter-output>
          </reporter-output>
        </test-method> <!-- close -->
        <test-method status="PASS" signature="tearDown()[pri:0, instance:test.ExtentReportWithTestNG@523884b2]" name="tearDown" is-config="true" duration-ms="258" started-at="2019-08-03T14:45:48Z" finished-at="2019-08-03T14:45:48Z">
          <reporter-output>
          </reporter-output>
        </test-method> <!-- tearDown -->
      </class> <!-- test.ExtentReportWithTestNG -->
    </test> <!-- Default test -->
  </suite> <!-- Default suite -->
</testng-results>
